#! /usr/share/iverilog-0.10.0/bin/vvp
:ivl_version "0.10.0 (devel)" "(v0_9_6)";
:ivl_delay_selection "TYPICAL";
:vpi_time_precision - 9;
:vpi_module "system";
:vpi_module "vhdl_sys";
:vpi_module "v2005_math";
:vpi_module "va_math";
:vpi_module "v2009";
S_0xa0a2a0 .scope module, "my_xor_TB" "my_xor_TB" 2 3;
 .timescale -9 -9;
v0xa1b840_0 .var "a", 0 0;
v0xa1b8e0_0 .net "a_xor_b", 0 0, L_0xa1bcc0;  1 drivers
v0xa1b9b0_0 .var "b", 0 0;
S_0xa087b0 .scope module, "XOR1" "my_xor" 2 6, 3 3 0, S_0xa0a2a0;
 .timescale -9 -9;
    .port_info 0 /OUTPUT 1 "myout"
    .port_info 1 /INPUT 1 "ina"
    .port_info 2 /INPUT 1 "inb"
L_0xa1bab0 .functor AND 1, v0xa1b840_0, L_0xa1bee0, C4<1>, C4<1>;
L_0xa1bba0 .functor AND 1, L_0xa1be20, v0xa1b9b0_0, C4<1>, C4<1>;
L_0xa1bcc0 .functor OR 1, L_0xa1bab0, L_0xa1bba0, C4<0>, C4<0>;
L_0xa1be20 .functor NOT 1, v0xa1b840_0, C4<0>, C4<0>, C4<0>;
L_0xa1bee0 .functor NOT 1, v0xa1b9b0_0, C4<0>, C4<0>, C4<0>;
v0xa089d0_0 .net "ina", 0 0, v0xa1b840_0;  1 drivers
v0xa1b2e0_0 .net "inb", 0 0, v0xa1b9b0_0;  1 drivers
v0xa1b3a0_0 .net "myout", 0 0, L_0xa1bcc0;  alias, 1 drivers
v0xa1b470_0 .net "not_ina", 0 0, L_0xa1be20;  1 drivers
v0xa1b530_0 .net "not_inb", 0 0, L_0xa1bee0;  1 drivers
v0xa1b640_0 .net "x", 0 0, L_0xa1bab0;  1 drivers
v0xa1b700_0 .net "y", 0 0, L_0xa1bba0;  1 drivers
    .scope S_0xa0a2a0;
T_0 ;
    %vpi_call/w 2 9 "$dumpfile", "dump.vcd" {0 0};
    %vpi_call/w 2 10 "$dumpvars", 2'sb01, S_0xa0a2a0 {0 0};
    %set/v v0xa1b840_0, 0, 1;
    %set/v v0xa1b9b0_0, 0, 1;
    %delay 10, 0;
    %set/v v0xa1b840_0, 0, 1;
    %set/v v0xa1b9b0_0, 1, 1;
    %delay 10, 0;
    %set/v v0xa1b840_0, 1, 1;
    %set/v v0xa1b9b0_0, 1, 1;
    %delay 10, 0;
    %set/v v0xa1b840_0, 1, 1;
    %set/v v0xa1b9b0_0, 0, 1;
    %delay 10, 0;
    %vpi_call/w 2 23 "$finish" {0 0};
    %end;
    .thread T_0;
# The file index is used to find the file name in the following table.
:file_names 4;
    "N/A";
    "<interactive>";
    "testbench.sv";
    "design.sv";
